2020-07-06 22:05:18 INFO  class:56 - driver is initialized
2020-07-06 22:05:18 INFO  class:56 - basepagenavigation Started
2020-07-06 22:05:18 INFO  class:56 - 
2020-07-06 22:06:03 ERROR class:61 - chrome not reachable
  (Session info: chrome=83.0.4103.116)
Build info: version: '3.141.59', revision: 'e82be7d358', time: '2018-11-14T08:17:03'
System info: host: 'DESKTOP-F52NN2U', ip: '192.168.1.6', os.name: 'Windows 10', os.arch: 'amd64', os.version: '10.0', java.version: '9.0.4'
Driver info: org.openqa.selenium.chrome.ChromeDriver
Capabilities {acceptInsecureCerts: false, browserName: chrome, browserVersion: 83.0.4103.116, chrome: {chromedriverVersion: 83.0.4103.39 (ccbf011cb2d2b..., userDataDir: C:\Users\SUMIT~1.MIS\AppDat...}, goog:chromeOptions: {debuggerAddress: localhost:54500}, javascriptEnabled: true, networkConnectionEnabled: false, pageLoadStrategy: normal, platform: WINDOWS, platformName: WINDOWS, proxy: Proxy(), setWindowRect: true, strictFileInteractability: false, timeouts: {implicit: 0, pageLoad: 300000, script: 30000}, unhandledPromptBehavior: dismiss and notify, webauthn:virtualAuthenticators: true}
Session ID: b59ad02e12290269a02cd21fc6a3d0be
*** Element info: {Using=css selector, value=//a[@class='topnavmore']}
2020-07-06 22:06:03 ERROR class:61 - 
2020-07-06 22:07:28 INFO  class:56 - driver is initialized
2020-07-06 22:07:28 INFO  class:56 - basepagenavigation Started
2020-07-06 22:07:28 INFO  class:56 - 
2020-07-06 22:07:33 INFO  class:56 - more links 3 dotted section  is available to click
2020-07-06 22:07:37 ERROR class:61 - Expected condition failed: waiting for element to be clickable: [[ChromeDriver: chrome on WINDOWS (beaf0e5003bdbc1bd779a0de40af9f43)] -> xpath: //a[contains(text(),'WEATHER')]] (tried for 3 second(s) with 500 milliseconds interval)
Build info: version: '3.141.59', revision: 'e82be7d358', time: '2018-11-14T08:17:03'
System info: host: 'DESKTOP-F52NN2U', ip: '192.168.1.6', os.name: 'Windows 10', os.arch: 'amd64', os.version: '10.0', java.version: '9.0.4'
Driver info: org.openqa.selenium.chrome.ChromeDriver
Capabilities {acceptInsecureCerts: false, browserName: chrome, browserVersion: 83.0.4103.116, chrome: {chromedriverVersion: 83.0.4103.39 (ccbf011cb2d2b..., userDataDir: C:\Users\SUMIT~1.MIS\AppDat...}, goog:chromeOptions: {debuggerAddress: localhost:54821}, javascriptEnabled: true, networkConnectionEnabled: false, pageLoadStrategy: normal, platform: WINDOWS, platformName: WINDOWS, proxy: Proxy(), setWindowRect: true, strictFileInteractability: false, timeouts: {implicit: 0, pageLoad: 300000, script: 30000}, unhandledPromptBehavior: dismiss and notify, webauthn:virtualAuthenticators: true}
Session ID: beaf0e5003bdbc1bd779a0de40af9f43
2020-07-06 22:07:37 ERROR class:61 - 
2020-07-06 22:10:40 INFO  class:56 - driver is initialized
2020-07-06 22:10:40 INFO  class:56 - basepagenavigation Started
2020-07-06 22:10:40 INFO  class:56 - 
2020-07-06 22:10:45 INFO  class:56 - more links 3 dotted section  is available to click
2020-07-06 22:10:45 INFO  class:56 - clicked on more links 3 dotted section successfully
2020-07-06 22:10:45 INFO  class:56 - weather section link is available to click
2020-07-06 22:10:46 INFO  class:56 - clicked on weather section successfully
2020-07-06 22:10:46 INFO  class:56 - basepagenavigation Passed
2020-07-06 22:35:07 INFO  class:56 - driver is initialized
2020-07-06 22:35:07 INFO  class:56 - basepagenavigation Started
2020-07-06 22:35:07 INFO  class:56 - 
2020-07-06 22:35:12 INFO  class:56 - more links 3 dotted section  is available to click
2020-07-06 22:35:12 INFO  class:56 - clicked on more links 3 dotted section successfully
2020-07-06 22:35:12 INFO  class:56 - weather section link is available to click
2020-07-06 22:35:13 INFO  class:56 - clicked on weather section successfully
2020-07-06 22:35:13 INFO  class:56 - basepagenavigation Passed
2020-07-06 22:35:13 INFO  class:56 - locateYourCityOnMapTest Started
2020-07-06 22:35:13 INFO  class:56 - 
2020-07-06 22:35:14 INFO  class:56 - pin your city searchbox is available
2020-07-06 22:35:15 INFO  class:56 - entered city name in the search field successfully
2020-07-06 22:35:15 INFO  class:56 - city with temperate is available
2020-07-06 22:35:15 ERROR class:61 - expected [patna] but found [33?
91?
Patna]
2020-07-06 22:35:15 ERROR class:61 - 
2020-07-07 19:50:33 INFO  class:56 - driver is initialized
2020-07-07 19:50:33 INFO  class:56 - basepagenavigation Started
2020-07-07 19:50:33 INFO  class:56 - 
2020-07-07 19:50:37 INFO  class:56 - more links 3 dotted section  is available to click
2020-07-07 19:50:38 INFO  class:56 - clicked on more links 3 dotted section successfully
2020-07-07 19:50:38 INFO  class:56 - weather section link is available to click
2020-07-07 19:50:39 INFO  class:56 - clicked on weather section successfully
2020-07-07 19:50:39 INFO  class:56 - basepagenavigation Passed
2020-07-07 19:50:39 INFO  class:56 - locateYourCityOnMapTest Started
2020-07-07 19:50:39 INFO  class:56 - 
2020-07-07 19:50:40 INFO  class:56 - pin your city searchbox is available
2020-07-07 19:50:40 INFO  class:56 - entered city name in the search field successfully
2020-07-07 19:50:41 INFO  class:56 - city with temperate is available
2020-07-07 19:50:41 INFO  class:56 - city is available on map with temperate information
2020-07-07 19:50:41 INFO  class:56 - locateYourCityOnMapTest Passed
2020-07-07 19:52:17 INFO  class:56 - driver is initialized
2020-07-07 19:52:17 INFO  class:56 - basepagenavigation Started
2020-07-07 19:52:17 INFO  class:56 - 
2020-07-07 19:52:24 INFO  class:56 - more links 3 dotted section  is available to click
2020-07-07 19:52:24 INFO  class:56 - clicked on more links 3 dotted section successfully
2020-07-07 19:52:24 INFO  class:56 - weather section link is available to click
2020-07-07 19:52:25 INFO  class:56 - clicked on weather section successfully
2020-07-07 19:52:25 INFO  class:56 - basepagenavigation Passed
2020-07-07 19:52:25 INFO  class:56 - locateYourCityOnMapTest Started
2020-07-07 19:52:25 INFO  class:56 - 
2020-07-07 19:52:25 INFO  class:56 - pin your city searchbox is available
2020-07-07 19:52:26 INFO  class:56 - entered city name in the search field successfully
2020-07-07 19:52:26 INFO  class:56 - city with temperate is available
2020-07-07 19:52:26 INFO  class:56 - city is available on map with temperate information
2020-07-07 19:52:26 INFO  class:56 - locateYourCityOnMapTest Passed
2020-07-07 19:59:14 INFO  class:56 - driver is initialized
2020-07-07 19:59:14 INFO  class:56 - basepagenavigation Started
2020-07-07 19:59:14 INFO  class:56 - 
2020-07-07 19:59:20 INFO  class:56 - more links 3 dotted section  is available to click
2020-07-07 19:59:21 INFO  class:56 - clicked on more links 3 dotted section successfully
2020-07-07 19:59:21 INFO  class:56 - weather section link is available to click
2020-07-07 19:59:22 INFO  class:56 - clicked on weather section successfully
2020-07-07 19:59:22 INFO  class:56 - basepagenavigation Passed
2020-07-07 19:59:22 INFO  class:56 - locateYourCityOnMapTest Started
2020-07-07 19:59:22 INFO  class:56 - 
2020-07-07 19:59:23 INFO  class:56 - pin your city searchbox is available
2020-07-07 19:59:23 INFO  class:56 - entered city name in the search field successfully
2020-07-07 19:59:23 INFO  class:56 - city with temperate is available
2020-07-07 19:59:23 ERROR class:61 - expected [Patna] but found [31?
88?
Patna]
2020-07-07 19:59:23 ERROR class:61 - 
2020-07-07 20:12:05 INFO  class:56 - driver is initialized
2020-07-07 20:12:05 INFO  class:56 - basepagenavigation Started
2020-07-07 20:12:05 INFO  class:56 - 
2020-07-07 20:12:10 INFO  class:56 - more links 3 dotted section  is available to click
2020-07-07 20:12:11 INFO  class:56 - clicked on more links 3 dotted section successfully
2020-07-07 20:12:12 INFO  class:56 - weather section link is available to click
2020-07-07 20:12:12 INFO  class:56 - clicked on weather section successfully
2020-07-07 20:12:12 INFO  class:56 - basepagenavigation Passed
2020-07-07 20:12:12 INFO  class:56 - locateYourCityOnMapTest Started
2020-07-07 20:12:12 INFO  class:56 - 
2020-07-07 20:12:14 INFO  class:56 - pin your city searchbox is available
2020-07-07 20:12:15 INFO  class:56 - entered city name in the search field successfully
2020-07-07 20:12:15 INFO  class:56 - temperature celsius is available on map
2020-07-07 20:12:15 ERROR class:61 - expected [33] but found [false]
2020-07-07 20:12:15 ERROR class:61 - 
2020-07-07 20:14:12 INFO  class:56 - driver is initialized
2020-07-07 20:14:12 INFO  class:56 - basepagenavigation Started
2020-07-07 20:14:12 INFO  class:56 - 
2020-07-07 20:14:17 INFO  class:56 - more links 3 dotted section  is available to click
2020-07-07 20:14:18 INFO  class:56 - clicked on more links 3 dotted section successfully
2020-07-07 20:14:19 INFO  class:56 - weather section link is available to click
2020-07-07 20:14:19 INFO  class:56 - clicked on weather section successfully
2020-07-07 20:14:19 INFO  class:56 - basepagenavigation Passed
2020-07-07 20:14:19 INFO  class:56 - locateYourCityOnMapTest Started
2020-07-07 20:14:19 INFO  class:56 - 
2020-07-07 20:14:20 INFO  class:56 - pin your city searchbox is available
2020-07-07 20:14:20 INFO  class:56 - entered city name in the search field successfully
2020-07-07 20:14:20 INFO  class:56 - temperature celsius is available on map
2020-07-07 20:14:20 ERROR class:61 - expected [33] but found [false]
2020-07-07 20:14:20 ERROR class:61 - 
2020-07-07 20:16:04 INFO  class:56 - driver is initialized
2020-07-07 20:16:04 INFO  class:56 - basepagenavigation Started
2020-07-07 20:16:04 INFO  class:56 - 
2020-07-07 20:16:09 INFO  class:56 - more links 3 dotted section  is available to click
2020-07-07 20:16:09 INFO  class:56 - clicked on more links 3 dotted section successfully
2020-07-07 20:16:10 INFO  class:56 - weather section link is available to click
2020-07-07 20:16:10 INFO  class:56 - clicked on weather section successfully
2020-07-07 20:16:10 INFO  class:56 - basepagenavigation Passed
2020-07-07 20:16:10 INFO  class:56 - locateYourCityOnMapTest Started
2020-07-07 20:16:10 INFO  class:56 - 
2020-07-07 20:16:11 INFO  class:56 - pin your city searchbox is available
2020-07-07 20:16:12 INFO  class:56 - entered city name in the search field successfully
2020-07-07 20:16:12 INFO  class:56 - temperature celsius is available on map
2020-07-07 20:16:12 INFO  class:56 - locateYourCityOnMapTest Passed
2020-07-07 20:20:36 INFO  class:56 - driver is initialized
2020-07-07 20:20:36 INFO  class:56 - basepagenavigation Started
2020-07-07 20:20:36 INFO  class:56 - 
2020-07-07 20:20:42 INFO  class:56 - more links 3 dotted section  is available to click
2020-07-07 20:20:43 INFO  class:56 - clicked on more links 3 dotted section successfully
2020-07-07 20:20:43 INFO  class:56 - weather section link is available to click
2020-07-07 20:20:44 INFO  class:56 - clicked on weather section successfully
2020-07-07 20:20:44 INFO  class:56 - basepagenavigation Passed
2020-07-07 20:20:44 INFO  class:56 - locateYourCityOnMapTest Started
2020-07-07 20:20:44 INFO  class:56 - 
2020-07-07 20:20:45 INFO  class:56 - pin your city searchbox is available
2020-07-07 20:20:46 INFO  class:56 - entered city name in the search field successfully
2020-07-07 20:20:46 INFO  class:56 - temperature celsius is available on map
2020-07-07 20:20:46 ERROR class:61 - expected [Integer.toString(C)] but found [false]
2020-07-07 20:20:46 ERROR class:61 - 
2020-07-07 20:23:16 INFO  class:56 - driver is initialized
2020-07-07 20:23:17 INFO  class:56 - basepagenavigation Started
2020-07-07 20:23:17 INFO  class:56 - 
2020-07-07 20:23:23 INFO  class:56 - more links 3 dotted section  is available to click
2020-07-07 20:23:24 INFO  class:56 - clicked on more links 3 dotted section successfully
2020-07-07 20:23:24 INFO  class:56 - weather section link is available to click
2020-07-07 20:23:24 INFO  class:56 - clicked on weather section successfully
2020-07-07 20:23:24 INFO  class:56 - basepagenavigation Passed
2020-07-07 20:23:24 INFO  class:56 - locateYourCityOnMapTest Started
2020-07-07 20:23:24 INFO  class:56 - 
2020-07-07 20:23:25 INFO  class:56 - pin your city searchbox is available
2020-07-07 20:23:25 INFO  class:56 - entered city name in the search field successfully
2020-07-07 20:23:25 INFO  class:56 - temperature celsius is available on map
2020-07-07 20:23:25 ERROR class:61 - expected [31] but found [false]
2020-07-07 20:23:25 ERROR class:61 - 
2020-07-07 20:26:09 INFO  class:56 - driver is initialized
2020-07-07 20:26:09 INFO  class:56 - basepagenavigation Started
2020-07-07 20:26:09 INFO  class:56 - 
2020-07-07 20:26:17 INFO  class:56 - more links 3 dotted section  is available to click
2020-07-07 20:26:17 INFO  class:56 - clicked on more links 3 dotted section successfully
2020-07-07 20:26:17 INFO  class:56 - weather section link is available to click
2020-07-07 20:26:17 INFO  class:56 - clicked on weather section successfully
2020-07-07 20:26:17 INFO  class:56 - basepagenavigation Passed
2020-07-07 20:26:17 INFO  class:56 - locateYourCityOnMapTest Started
2020-07-07 20:26:17 INFO  class:56 - 
2020-07-07 20:26:19 INFO  class:56 - pin your city searchbox is available
2020-07-07 20:26:19 INFO  class:56 - entered city name in the search field successfully
2020-07-07 20:26:19 INFO  class:56 - temperature celsius is available on map
2020-07-07 20:26:19 INFO  class:56 - locateYourCityOnMapTest Passed
2020-07-07 20:36:20 INFO  class:56 - driver is initialized
2020-07-07 20:36:20 INFO  class:56 - basepagenavigation Started
2020-07-07 20:36:20 INFO  class:56 - 
2020-07-07 20:36:26 INFO  class:56 - more links 3 dotted section  is available to click
2020-07-07 20:36:27 INFO  class:56 - clicked on more links 3 dotted section successfully
2020-07-07 20:36:27 INFO  class:56 - weather section link is available to click
2020-07-07 20:36:27 INFO  class:56 - clicked on weather section successfully
2020-07-07 20:36:27 INFO  class:56 - basepagenavigation Passed
2020-07-07 20:36:27 INFO  class:56 - locateYourCityOnMapTest Started
2020-07-07 20:36:27 INFO  class:56 - 
2020-07-07 20:36:29 INFO  class:56 - pin your city searchbox is available
2020-07-07 20:36:29 INFO  class:56 - entered city name in the search field successfully
2020-07-07 20:36:29 INFO  class:56 - city with temperate is available
2020-07-07 20:36:29 ERROR class:61 - expected [33] but found [3]
2020-07-07 20:36:30 ERROR class:61 - 
2020-07-07 20:38:43 INFO  class:56 - driver is initialized
2020-07-07 20:38:44 INFO  class:56 - basepagenavigation Started
2020-07-07 20:38:44 INFO  class:56 - 
2020-07-07 20:38:48 INFO  class:56 - more links 3 dotted section  is available to click
2020-07-07 20:38:50 INFO  class:56 - clicked on more links 3 dotted section successfully
2020-07-07 20:38:50 INFO  class:56 - weather section link is available to click
2020-07-07 20:38:51 INFO  class:56 - clicked on weather section successfully
2020-07-07 20:38:51 INFO  class:56 - basepagenavigation Passed
2020-07-07 20:38:51 INFO  class:56 - locateYourCityOnMapTest Started
2020-07-07 20:38:51 INFO  class:56 - 
2020-07-07 20:38:51 INFO  class:56 - pin your city searchbox is available
2020-07-07 20:38:51 INFO  class:56 - entered city name in the search field successfully
2020-07-07 20:38:52 INFO  class:56 - city with temperate is available
2020-07-07 20:38:52 ERROR class:61 - expected [33] but found [1]
2020-07-07 20:38:52 ERROR class:61 - 
2020-07-07 20:52:48 INFO  class:56 - driver is initialized
2020-07-07 20:52:48 INFO  class:56 - basepagenavigation Started
2020-07-07 20:52:48 INFO  class:56 - 
2020-07-07 20:52:54 INFO  class:56 - more links 3 dotted section  is available to click
2020-07-07 20:52:54 INFO  class:56 - clicked on more links 3 dotted section successfully
2020-07-07 20:52:55 INFO  class:56 - weather section link is available to click
2020-07-07 20:52:56 INFO  class:56 - clicked on weather section successfully
2020-07-07 20:52:56 INFO  class:56 - basepagenavigation Passed
2020-07-07 20:52:56 INFO  class:56 - locateYourCityOnMapTest Started
2020-07-07 20:52:56 INFO  class:56 - 
2020-07-07 20:52:58 INFO  class:56 - pin your city searchbox is available
2020-07-07 20:52:58 INFO  class:56 - entered city name in the search field successfully
2020-07-07 20:52:58 INFO  class:56 - city with temperate is available
2020-07-07 20:52:58 ERROR class:61 - expected [33] but found [31?]
2020-07-07 20:52:58 ERROR class:61 - 
2020-07-07 20:54:41 INFO  class:56 - driver is initialized
2020-07-07 20:54:41 INFO  class:56 - basepagenavigation Started
2020-07-07 20:54:41 INFO  class:56 - 
2020-07-07 20:54:48 INFO  class:56 - more links 3 dotted section  is available to click
2020-07-07 20:54:48 INFO  class:56 - clicked on more links 3 dotted section successfully
2020-07-07 20:54:48 INFO  class:56 - weather section link is available to click
2020-07-07 20:54:49 INFO  class:56 - clicked on weather section successfully
2020-07-07 20:54:49 INFO  class:56 - basepagenavigation Passed
2020-07-07 20:54:49 INFO  class:56 - locateYourCityOnMapTest Started
2020-07-07 20:54:49 INFO  class:56 - 
2020-07-07 20:54:49 INFO  class:56 - pin your city searchbox is available
2020-07-07 20:54:50 INFO  class:56 - entered city name in the search field successfully
2020-07-07 20:54:50 INFO  class:56 - city with temperate is available
2020-07-07 20:54:50 ERROR class:61 - expected [31] but found [31?]
2020-07-07 20:54:50 ERROR class:61 - 
2020-07-07 20:55:40 INFO  class:56 - driver is initialized
2020-07-07 20:55:40 INFO  class:56 - basepagenavigation Started
2020-07-07 20:55:40 INFO  class:56 - 
2020-07-07 20:55:47 INFO  class:56 - more links 3 dotted section  is available to click
2020-07-07 20:55:47 INFO  class:56 - clicked on more links 3 dotted section successfully
2020-07-07 20:55:47 INFO  class:56 - weather section link is available to click
2020-07-07 20:55:47 INFO  class:56 - clicked on weather section successfully
2020-07-07 20:55:47 INFO  class:56 - basepagenavigation Passed
2020-07-07 20:55:47 INFO  class:56 - locateYourCityOnMapTest Started
2020-07-07 20:55:47 INFO  class:56 - 
2020-07-07 20:55:48 INFO  class:56 - pin your city searchbox is available
2020-07-07 20:55:49 INFO  class:56 - entered city name in the search field successfully
2020-07-07 20:55:49 INFO  class:56 - city with temperate is available
2020-07-07 20:55:49 INFO  class:56 - city is available on map with temperate information, Temperature celsius
2020-07-07 20:55:49 ERROR class:61 - expected [88] but found [8?]
2020-07-07 20:55:49 ERROR class:61 - 
2020-07-07 20:57:29 INFO  class:56 - driver is initialized
2020-07-07 20:57:29 INFO  class:56 - basepagenavigation Started
2020-07-07 20:57:29 INFO  class:56 - 
2020-07-07 20:57:36 INFO  class:56 - more links 3 dotted section  is available to click
2020-07-07 20:57:37 INFO  class:56 - clicked on more links 3 dotted section successfully
2020-07-07 20:57:37 INFO  class:56 - weather section link is available to click
2020-07-07 20:57:37 INFO  class:56 - clicked on weather section successfully
2020-07-07 20:57:37 INFO  class:56 - basepagenavigation Passed
2020-07-07 20:57:37 INFO  class:56 - locateYourCityOnMapTest Started
2020-07-07 20:57:37 INFO  class:56 - 
2020-07-07 20:57:38 INFO  class:56 - pin your city searchbox is available
2020-07-07 20:57:39 INFO  class:56 - entered city name in the search field successfully
2020-07-07 20:57:39 INFO  class:56 - city with temperate is available
2020-07-07 20:57:39 INFO  class:56 - city is available on map with temperate information, Temperature celsius
2020-07-07 20:57:39 ERROR class:61 - expected [88] but found [8]
2020-07-07 20:57:39 ERROR class:61 - 
2020-07-07 20:59:24 INFO  class:56 - driver is initialized
2020-07-07 20:59:24 INFO  class:56 - basepagenavigation Started
2020-07-07 20:59:24 INFO  class:56 - 
2020-07-07 20:59:29 INFO  class:56 - more links 3 dotted section  is available to click
2020-07-07 20:59:30 INFO  class:56 - clicked on more links 3 dotted section successfully
2020-07-07 20:59:30 INFO  class:56 - weather section link is available to click
2020-07-07 20:59:30 INFO  class:56 - clicked on weather section successfully
2020-07-07 20:59:30 INFO  class:56 - basepagenavigation Passed
2020-07-07 20:59:30 INFO  class:56 - locateYourCityOnMapTest Started
2020-07-07 20:59:30 INFO  class:56 - 
2020-07-07 20:59:31 INFO  class:56 - pin your city searchbox is available
2020-07-07 20:59:31 INFO  class:56 - entered city name in the search field successfully
2020-07-07 20:59:31 INFO  class:56 - city with temperate is available
2020-07-07 20:59:31 INFO  class:56 - city is available on map with temperate information, Temperature celsius
2020-07-07 20:59:31 INFO  class:56 - city is available on map with temperate information, Temperature faranheight
2020-07-07 20:59:31 ERROR class:61 - expected [Patna] but found [88]
2020-07-07 20:59:31 ERROR class:61 - 
2020-07-07 21:01:40 INFO  class:56 - driver is initialized
2020-07-07 21:01:40 INFO  class:56 - basepagenavigation Started
2020-07-07 21:01:40 INFO  class:56 - 
2020-07-07 21:01:45 INFO  class:56 - more links 3 dotted section  is available to click
2020-07-07 21:01:45 INFO  class:56 - clicked on more links 3 dotted section successfully
2020-07-07 21:01:46 INFO  class:56 - weather section link is available to click
2020-07-07 21:01:46 INFO  class:56 - clicked on weather section successfully
2020-07-07 21:01:46 INFO  class:56 - basepagenavigation Passed
2020-07-07 21:01:46 INFO  class:56 - locateYourCityOnMapTest Started
2020-07-07 21:01:46 INFO  class:56 - 
2020-07-07 21:01:47 INFO  class:56 - pin your city searchbox is available
2020-07-07 21:01:47 INFO  class:56 - entered city name in the search field successfully
2020-07-07 21:01:47 INFO  class:56 - city with temperate is available
2020-07-07 21:01:47 INFO  class:56 - city is available on map with temperate information, Temperature celsius
2020-07-07 21:01:47 INFO  class:56 - city is available on map with temperate information, Temperature faranheight
2020-07-07 21:01:47 ERROR class:61 - expected [Patna] but found [true]
2020-07-07 21:01:47 ERROR class:61 - 
2020-07-07 21:05:30 INFO  class:56 - driver is initialized
2020-07-07 21:05:30 INFO  class:56 - basepagenavigation Started
2020-07-07 21:05:30 INFO  class:56 - 
2020-07-07 21:05:36 INFO  class:56 - more links 3 dotted section  is available to click
2020-07-07 21:05:36 INFO  class:56 - clicked on more links 3 dotted section successfully
2020-07-07 21:05:37 INFO  class:56 - weather section link is available to click
2020-07-07 21:05:37 INFO  class:56 - clicked on weather section successfully
2020-07-07 21:05:37 INFO  class:56 - basepagenavigation Passed
2020-07-07 21:05:37 INFO  class:56 - locateYourCityOnMapTest Started
2020-07-07 21:05:37 INFO  class:56 - 
2020-07-07 21:05:38 INFO  class:56 - pin your city searchbox is available
2020-07-07 21:05:39 INFO  class:56 - entered city name in the search field successfully
2020-07-07 21:05:39 INFO  class:56 - city with temperate is available
2020-07-07 21:05:39 INFO  class:56 - city is available on map with temperate information, Temperature celsius
2020-07-07 21:05:39 INFO  class:56 - city is available on map with temperate information, Temperature faranheight
2020-07-07 21:05:39 ERROR class:61 - expected [Patna] but found [atna]
2020-07-07 21:05:39 ERROR class:61 - 
2020-07-07 21:06:20 INFO  class:56 - driver is initialized
2020-07-07 21:06:20 INFO  class:56 - basepagenavigation Started
2020-07-07 21:06:20 INFO  class:56 - 
2020-07-07 21:06:27 INFO  class:56 - more links 3 dotted section  is available to click
2020-07-07 21:06:27 INFO  class:56 - clicked on more links 3 dotted section successfully
2020-07-07 21:06:27 INFO  class:56 - weather section link is available to click
2020-07-07 21:06:28 INFO  class:56 - clicked on weather section successfully
2020-07-07 21:06:28 INFO  class:56 - basepagenavigation Passed
2020-07-07 21:06:28 INFO  class:56 - locateYourCityOnMapTest Started
2020-07-07 21:06:28 INFO  class:56 - 
2020-07-07 21:06:28 INFO  class:56 - pin your city searchbox is available
2020-07-07 21:06:29 INFO  class:56 - entered city name in the search field successfully
2020-07-07 21:06:29 INFO  class:56 - city with temperate is available
2020-07-07 21:06:29 INFO  class:56 - city is available on map with temperate information, Temperature celsius
2020-07-07 21:06:29 INFO  class:56 - city is available on map with temperate information, Temperature faranheight
2020-07-07 21:06:29 INFO  class:56 - city name is available on map
2020-07-07 21:06:29 INFO  class:56 - locateYourCityOnMapTest Passed
2020-07-08 21:10:00 INFO  class:56 - driver is initialized
2020-07-08 21:10:00 INFO  class:56 - basepagenavigation Started
2020-07-08 21:10:00 INFO  class:56 - 
2020-07-08 21:10:06 INFO  class:56 - more links 3 dotted section  is available to click
2020-07-08 21:10:07 INFO  class:56 - clicked on more links 3 dotted section successfully
2020-07-08 21:10:07 INFO  class:56 - weather section link is available to click
2020-07-08 21:10:07 INFO  class:56 - clicked on weather section successfully
2020-07-08 21:10:07 INFO  class:56 - basepagenavigation Passed
2020-07-08 21:10:07 INFO  class:56 - locateYourCityOnMapTest Started
2020-07-08 21:10:07 INFO  class:56 - 
2020-07-08 21:10:08 INFO  class:56 - pin your city searchbox is available
2020-07-08 21:10:09 INFO  class:56 - entered city name in the search field successfully
2020-07-08 21:10:09 INFO  class:56 - city with temperate is available
2020-07-08 21:10:09 ERROR class:61 - expected [31] but found [32]
2020-07-08 21:10:09 ERROR class:61 - 
2020-07-08 21:28:26 INFO  class:56 - driver is initialized
2020-07-08 21:28:26 INFO  class:56 - basepagenavigation Started
2020-07-08 21:28:26 INFO  class:56 - 
2020-07-08 21:28:30 INFO  class:56 - more links 3 dotted section  is available to click
2020-07-08 21:28:30 INFO  class:56 - clicked on more links 3 dotted section successfully
2020-07-08 21:28:33 INFO  class:56 - weather section link is available to click
2020-07-08 21:28:33 INFO  class:56 - clicked on weather section successfully
2020-07-08 21:28:33 INFO  class:56 - basepagenavigation Passed
2020-07-08 21:28:33 INFO  class:56 - locateYourCityOnMapTest Started
2020-07-08 21:28:33 INFO  class:56 - 
2020-07-08 21:28:35 INFO  class:56 - pin your city searchbox is available
2020-07-08 21:28:35 INFO  class:56 - entered city name in the search field successfully
2020-07-08 21:28:35 INFO  class:56 - city with temperate is available
2020-07-08 21:28:35 INFO  class:56 - city with temperate information is available on the map
2020-07-08 21:28:35 INFO  class:56 - locateYourCityOnMapTest Passed
2020-07-08 21:28:35 INFO  class:56 - validateweatherinfo Started
2020-07-08 21:28:35 INFO  class:56 - 
2020-07-08 21:28:35 INFO  class:56 - city is available on map
2020-07-08 21:28:35 INFO  class:56 - clicked on city on map successfully
2020-07-08 21:28:36 INFO  class:56 - fulll wethear info is available in pop up when clicked on city
2020-07-08 21:28:36 INFO  class:56 - validateweatherinfo Passed
